2024-12-16 06:44:20,357 - uvicorn.error - INFO - Started server process [1]
2024-12-16 06:44:20,357 - uvicorn.error - INFO - Waiting for application startup.
2024-12-16 06:44:20,358 - uvicorn.error - INFO - Application startup complete.
2024-12-16 06:44:20,358 - uvicorn.error - INFO - Uvicorn running on http://0.0.0.0:8000 (Press CTRL+C to quit)
2024-12-16 06:45:23,599 - uvicorn.error - ERROR - ASGI callable returned without completing response.
2024-12-16 06:45:23,632 - uvicorn.error - INFO - Shutting down
2024-12-16 06:45:23,733 - uvicorn.error - INFO - Waiting for application shutdown.
2024-12-16 06:45:23,734 - uvicorn.error - INFO - Application shutdown complete.
2024-12-16 06:45:23,735 - uvicorn.error - INFO - Finished server process [1]
2024-12-16 06:45:42,593 - uvicorn.error - INFO - Started server process [1]
2024-12-16 06:45:42,593 - uvicorn.error - INFO - Waiting for application startup.
2024-12-16 06:45:42,593 - uvicorn.error - INFO - Application startup complete.
2024-12-16 06:45:42,594 - uvicorn.error - INFO - Uvicorn running on http://0.0.0.0:8000 (Press CTRL+C to quit)
2024-12-16 06:46:33,005 - uvicorn.error - INFO - Shutting down
2024-12-16 06:46:33,106 - uvicorn.error - INFO - Waiting for application shutdown.
2024-12-16 06:46:33,106 - uvicorn.error - INFO - Application shutdown complete.
2024-12-16 06:46:33,107 - uvicorn.error - INFO - Finished server process [1]
2024-12-16 06:46:35,398 - uvicorn.error - INFO - Started server process [1]
2024-12-16 06:46:35,398 - uvicorn.error - INFO - Waiting for application startup.
2024-12-16 06:46:35,398 - uvicorn.error - INFO - Application startup complete.
2024-12-16 06:46:35,399 - uvicorn.error - INFO - Uvicorn running on http://0.0.0.0:8000 (Press CTRL+C to quit)
2024-12-16 06:46:41,626 - FastAPIApp - INFO - bingo bingo
2024-12-16 06:46:50,673 - FastAPIApp - INFO - bingo bingo
2024-12-16 06:47:30,553 - uvicorn.error - INFO - Shutting down
2024-12-16 06:47:30,654 - uvicorn.error - INFO - Waiting for application shutdown.
2024-12-16 06:47:30,654 - uvicorn.error - INFO - Application shutdown complete.
2024-12-16 06:47:30,654 - uvicorn.error - INFO - Finished server process [1]
2024-12-16 16:31:54,141 - uvicorn.error - INFO - Started server process [1]
2024-12-16 16:31:54,141 - uvicorn.error - INFO - Waiting for application startup.
2024-12-16 16:31:54,142 - uvicorn.error - INFO - Application startup complete.
2024-12-16 16:31:54,142 - uvicorn.error - INFO - Uvicorn running on http://0.0.0.0:8000 (Press CTRL+C to quit)
2024-12-16 16:32:35,404 - uvicorn.error - ERROR - ASGI callable returned without completing response.
2024-12-16 16:32:35,416 - uvicorn.error - INFO - Shutting down
2024-12-16 16:32:35,517 - uvicorn.error - INFO - Waiting for application shutdown.
2024-12-16 16:32:35,517 - uvicorn.error - INFO - Application shutdown complete.
2024-12-16 16:32:35,518 - uvicorn.error - INFO - Finished server process [1]
2024-12-16 16:32:39,799 - uvicorn.error - INFO - Started server process [1]
2024-12-16 16:32:39,799 - uvicorn.error - INFO - Waiting for application startup.
2024-12-16 16:32:39,799 - uvicorn.error - INFO - Application startup complete.
2024-12-16 16:32:39,800 - uvicorn.error - INFO - Uvicorn running on http://0.0.0.0:8000 (Press CTRL+C to quit)
2024-12-16 16:32:57,998 - FastAPIApp - INFO - Scheduling notify_subscribers for product 1
2024-12-16 16:33:57,810 - uvicorn.error - ERROR - ASGI callable returned without completing response.
2024-12-16 16:33:57,850 - uvicorn.error - INFO - Shutting down
2024-12-16 16:33:57,951 - uvicorn.error - INFO - Waiting for application shutdown.
2024-12-16 16:33:57,952 - uvicorn.error - INFO - Application shutdown complete.
2024-12-16 16:33:57,952 - uvicorn.error - INFO - Finished server process [1]
2024-12-16 16:34:00,226 - uvicorn.error - INFO - Started server process [1]
2024-12-16 16:34:00,226 - uvicorn.error - INFO - Waiting for application startup.
2024-12-16 16:34:00,227 - uvicorn.error - INFO - Application startup complete.
2024-12-16 16:34:00,227 - uvicorn.error - INFO - Uvicorn running on http://0.0.0.0:8000 (Press CTRL+C to quit)
2024-12-16 16:41:58,200 - FastAPIApp - INFO - Scheduling notify_subscribers for product 1
2024-12-16 16:41:58,202 - FastAPIApp - INFO - Notifying subscribers for product 1 with data: {'product_quantity': 60.0, 'product_price': 200.0}
2024-12-16 16:41:58,202 - FastAPIApp - INFO - Adding data to queue for subscriber of product 1
2024-12-16 16:41:58,202 - FastAPIApp - INFO - Publishing for 1
2024-12-16 21:56:21,839 - uvicorn.error - INFO - Shutting down
2024-12-16 21:56:21,940 - uvicorn.error - INFO - Waiting for application shutdown.
2024-12-16 21:56:21,940 - uvicorn.error - INFO - Application shutdown complete.
2024-12-16 21:56:21,941 - uvicorn.error - INFO - Finished server process [1]
2024-12-16 21:57:10,302 - uvicorn.error - INFO - Started server process [1]
2024-12-16 21:57:10,302 - uvicorn.error - INFO - Waiting for application startup.
2024-12-16 21:57:10,302 - uvicorn.error - INFO - Application startup complete.
2024-12-16 21:57:10,303 - uvicorn.error - INFO - Uvicorn running on http://0.0.0.0:8000 (Press CTRL+C to quit)
2024-12-16 21:57:30,778 - uvicorn.error - INFO - Shutting down
2024-12-16 21:57:30,879 - uvicorn.error - INFO - Waiting for application shutdown.
2024-12-16 21:57:30,880 - uvicorn.error - INFO - Application shutdown complete.
2024-12-16 21:57:30,880 - uvicorn.error - INFO - Finished server process [1]
